  Sprite.cpp
e:\programming\c++\libraries\m1\m1random\include\m1random.h(22): warning C4244: 'argument': conversion from 'time_t' to 'unsigned int', possible loss of data
e:\programming\c++\libraries\m1\m1timer\include\m1timer.h(43): warning C4244: 'return': conversion from '__int64' to 'uint32_t', possible loss of data
e:\programming\c++\projects\tiles of the unknown\tiles of the unknown\global.h(57): warning C4244: 'return': conversion from 'double' to 'int', possible loss of data
e:\programming\c++\projects\tiles of the unknown\tiles of the unknown\global.h(61): warning C4244: 'return': conversion from 'double' to 'int', possible loss of data
e:\programming\c++\projects\tiles of the unknown\tiles of the unknown\sprite.cpp(14): warning C4244: '=': conversion from 'float' to 'int', possible loss of data
e:\programming\c++\projects\tiles of the unknown\tiles of the unknown\sprite.cpp(15): warning C4244: '=': conversion from 'float' to 'int', possible loss of data
e:\programming\c++\projects\tiles of the unknown\tiles of the unknown\sprite.cpp(41): warning C4244: '=': conversion from 'float' to 'int', possible loss of data
e:\programming\c++\projects\tiles of the unknown\tiles of the unknown\sprite.cpp(42): warning C4244: '=': conversion from 'float' to 'int', possible loss of data
  Map.cpp
e:\programming\c++\libraries\m1\m1random\include\m1random.h(22): warning C4244: 'argument': conversion from 'time_t' to 'unsigned int', possible loss of data
e:\programming\c++\libraries\m1\m1timer\include\m1timer.h(43): warning C4244: 'return': conversion from '__int64' to 'uint32_t', possible loss of data
e:\programming\c++\projects\tiles of the unknown\tiles of the unknown\global.h(57): warning C4244: 'return': conversion from 'double' to 'int', possible loss of data
e:\programming\c++\projects\tiles of the unknown\tiles of the unknown\global.h(61): warning C4244: 'return': conversion from 'double' to 'int', possible loss of data
e:\programming\c++\projects\tiles of the unknown\tiles of the unknown\map.h(21): warning C4018: '<': signed/unsigned mismatch
e:\programming\c++\projects\tiles of the unknown\tiles of the unknown\map.h(30): warning C4018: '<': signed/unsigned mismatch
e:\programming\c++\projects\tiles of the unknown\tiles of the unknown\map.cpp(13): warning C4244: 'argument': conversion from 'float' to 'int', possible loss of data
  main.cpp
e:\programming\c++\libraries\m1\m1random\include\m1random.h(22): warning C4244: 'argument': conversion from 'time_t' to 'unsigned int', possible loss of data
e:\programming\c++\libraries\m1\m1timer\include\m1timer.h(43): warning C4244: 'return': conversion from '__int64' to 'uint32_t', possible loss of data
e:\programming\c++\projects\tiles of the unknown\tiles of the unknown\global.h(57): warning C4244: 'return': conversion from 'double' to 'int', possible loss of data
e:\programming\c++\projects\tiles of the unknown\tiles of the unknown\global.h(61): warning C4244: 'return': conversion from 'double' to 'int', possible loss of data
e:\programming\c++\projects\tiles of the unknown\tiles of the unknown\map.h(21): warning C4018: '<': signed/unsigned mismatch
e:\programming\c++\projects\tiles of the unknown\tiles of the unknown\map.h(30): warning C4018: '<': signed/unsigned mismatch
  Global.cpp
e:\programming\c++\libraries\m1\m1random\include\m1random.h(22): warning C4244: 'argument': conversion from 'time_t' to 'unsigned int', possible loss of data
e:\programming\c++\libraries\m1\m1timer\include\m1timer.h(43): warning C4244: 'return': conversion from '__int64' to 'uint32_t', possible loss of data
e:\programming\c++\projects\tiles of the unknown\tiles of the unknown\global.h(57): warning C4244: 'return': conversion from 'double' to 'int', possible loss of data
e:\programming\c++\projects\tiles of the unknown\tiles of the unknown\global.h(61): warning C4244: 'return': conversion from 'double' to 'int', possible loss of data
  Game.cpp
e:\programming\c++\libraries\m1\m1random\include\m1random.h(22): warning C4244: 'argument': conversion from 'time_t' to 'unsigned int', possible loss of data
e:\programming\c++\libraries\m1\m1timer\include\m1timer.h(43): warning C4244: 'return': conversion from '__int64' to 'uint32_t', possible loss of data
e:\programming\c++\projects\tiles of the unknown\tiles of the unknown\global.h(57): warning C4244: 'return': conversion from 'double' to 'int', possible loss of data
e:\programming\c++\projects\tiles of the unknown\tiles of the unknown\global.h(61): warning C4244: 'return': conversion from 'double' to 'int', possible loss of data
e:\programming\c++\projects\tiles of the unknown\tiles of the unknown\map.h(21): warning C4018: '<': signed/unsigned mismatch
e:\programming\c++\projects\tiles of the unknown\tiles of the unknown\map.h(30): warning C4018: '<': signed/unsigned mismatch
  Base.cpp
e:\programming\c++\libraries\m1\m1random\include\m1random.h(22): warning C4244: 'argument': conversion from 'time_t' to 'unsigned int', possible loss of data
e:\programming\c++\libraries\m1\m1timer\include\m1timer.h(43): warning C4244: 'return': conversion from '__int64' to 'uint32_t', possible loss of data
e:\programming\c++\projects\tiles of the unknown\tiles of the unknown\global.h(57): warning C4244: 'return': conversion from 'double' to 'int', possible loss of data
e:\programming\c++\projects\tiles of the unknown\tiles of the unknown\global.h(61): warning C4244: 'return': conversion from 'double' to 'int', possible loss of data
  Generating Code...
LINK : fatal error LNK1104: cannot open file 'M1Random.lib'
